  Dialog.cpp
C:\Users\arsenii.stashkov\Documents\Политех\Лабораторные работы C++\2 семестр\Основы алгоритмизации\Лабораторная работа №8\Программа с событиями\Vector.h(13): error C2143: синтаксическая ошибка: отсутствие ";" перед "*"
C:\Users\arsenii.stashkov\Documents\Политех\Лабораторные работы C++\2 семестр\Основы алгоритмизации\Лабораторная работа №8\Программа с событиями\Vector.h(13): error C4430: отсутствует спецификатор типа - предполагается int. Примечание. C++ не поддерживает int по умолчанию
C:\Users\arsenii.stashkov\Documents\Политех\Лабораторные работы C++\2 семестр\Основы алгоритмизации\Лабораторная работа №8\Программа с событиями\Vector.h(13): error C2238: непредвиденные лексемы перед ";"
C:\Users\arsenii.stashkov\Documents\Политех\Лабораторные работы C++\2 семестр\Основы алгоритмизации\Лабораторная работа №8\Программа с событиями\Object.h(13): error C3646: name: неизвестный спецификатор переопределения
C:\Users\arsenii.stashkov\Documents\Политех\Лабораторные работы C++\2 семестр\Основы алгоритмизации\Лабораторная работа №8\Программа с событиями\Object.h(13): error C4430: отсутствует спецификатор типа - предполагается int. Примечание. C++ не поддерживает int по умолчанию
C:\Users\arsenii.stashkov\Documents\Политех\Лабораторные работы C++\2 семестр\Основы алгоритмизации\Лабораторная работа №8\Программа с событиями\Object.h(14): error C3646: author: неизвестный спецификатор переопределения
C:\Users\arsenii.stashkov\Documents\Политех\Лабораторные работы C++\2 семестр\Основы алгоритмизации\Лабораторная работа №8\Программа с событиями\Object.h(14): error C4430: отсутствует спецификатор типа - предполагается int. Примечание. C++ не поддерживает int по умолчанию
C:\Users\arsenii.stashkov\Documents\Политех\Лабораторные работы C++\2 семестр\Основы алгоритмизации\Лабораторная работа №8\Программа с событиями\Dialog.cpp(92): error C2065: beg: необъявленный идентификатор
  Magazin.cpp
C:\Users\arsenii.stashkov\Documents\Политех\Лабораторные работы C++\2 семестр\Основы алгоритмизации\Лабораторная работа №8\Программа с событиями\Object.h(13): error C3646: name: неизвестный спецификатор переопределения
C:\Users\arsenii.stashkov\Documents\Политех\Лабораторные работы C++\2 семестр\Основы алгоритмизации\Лабораторная работа №8\Программа с событиями\Object.h(13): error C4430: отсутствует спецификатор типа - предполагается int. Примечание. C++ не поддерживает int по умолчанию
C:\Users\arsenii.stashkov\Documents\Политех\Лабораторные работы C++\2 семестр\Основы алгоритмизации\Лабораторная работа №8\Программа с событиями\Object.h(14): error C3646: author: неизвестный спецификатор переопределения
C:\Users\arsenii.stashkov\Documents\Политех\Лабораторные работы C++\2 семестр\Основы алгоритмизации\Лабораторная работа №8\Программа с событиями\Object.h(14): error C4430: отсутствует спецификатор типа - предполагается int. Примечание. C++ не поддерживает int по умолчанию
  Object.cpp
C:\Users\arsenii.stashkov\Documents\Политех\Лабораторные работы C++\2 семестр\Основы алгоритмизации\Лабораторная работа №8\Программа с событиями\Object.h(13): error C3646: name: неизвестный спецификатор переопределения
C:\Users\arsenii.stashkov\Documents\Политех\Лабораторные работы C++\2 семестр\Основы алгоритмизации\Лабораторная работа №8\Программа с событиями\Object.h(13): error C4430: отсутствует спецификатор типа - предполагается int. Примечание. C++ не поддерживает int по умолчанию
C:\Users\arsenii.stashkov\Documents\Политех\Лабораторные работы C++\2 семестр\Основы алгоритмизации\Лабораторная работа №8\Программа с событиями\Object.h(14): error C3646: author: неизвестный спецификатор переопределения
C:\Users\arsenii.stashkov\Documents\Политех\Лабораторные работы C++\2 семестр\Основы алгоритмизации\Лабораторная работа №8\Программа с событиями\Object.h(14): error C4430: отсутствует спецификатор типа - предполагается int. Примечание. C++ не поддерживает int по умолчанию
  Print.cpp
C:\Users\arsenii.stashkov\Documents\Политех\Лабораторные работы C++\2 семестр\Основы алгоритмизации\Лабораторная работа №8\Программа с событиями\Object.h(13): error C3646: name: неизвестный спецификатор переопределения
C:\Users\arsenii.stashkov\Documents\Политех\Лабораторные работы C++\2 семестр\Основы алгоритмизации\Лабораторная работа №8\Программа с событиями\Object.h(13): error C4430: отсутствует спецификатор типа - предполагается int. Примечание. C++ не поддерживает int по умолчанию
C:\Users\arsenii.stashkov\Documents\Политех\Лабораторные работы C++\2 семестр\Основы алгоритмизации\Лабораторная работа №8\Программа с событиями\Object.h(14): error C3646: author: неизвестный спецификатор переопределения
C:\Users\arsenii.stashkov\Documents\Политех\Лабораторные работы C++\2 семестр\Основы алгоритмизации\Лабораторная работа №8\Программа с событиями\Object.h(14): error C4430: отсутствует спецификатор типа - предполагается int. Примечание. C++ не поддерживает int по умолчанию
  Vector.cpp
C:\Users\arsenii.stashkov\Documents\Политех\Лабораторные работы C++\2 семестр\Основы алгоритмизации\Лабораторная работа №8\Программа с событиями\Vector.h(13): error C2143: синтаксическая ошибка: отсутствие ";" перед "*"
C:\Users\arsenii.stashkov\Documents\Политех\Лабораторные работы C++\2 семестр\Основы алгоритмизации\Лабораторная работа №8\Программа с событиями\Vector.h(13): error C4430: отсутствует спецификатор типа - предполагается int. Примечание. C++ не поддерживает int по умолчанию
C:\Users\arsenii.stashkov\Documents\Политех\Лабораторные работы C++\2 семестр\Основы алгоритмизации\Лабораторная работа №8\Программа с событиями\Vector.h(13): error C2238: непредвиденные лексемы перед ";"
C:\Users\arsenii.stashkov\Documents\Политех\Лабораторные работы C++\2 семестр\Основы алгоритмизации\Лабораторная работа №8\Программа с событиями\Object.h(13): error C3646: name: неизвестный спецификатор переопределения
C:\Users\arsenii.stashkov\Documents\Политех\Лабораторные работы C++\2 семестр\Основы алгоритмизации\Лабораторная работа №8\Программа с событиями\Object.h(13): error C4430: отсутствует спецификатор типа - предполагается int. Примечание. C++ не поддерживает int по умолчанию
C:\Users\arsenii.stashkov\Documents\Политех\Лабораторные работы C++\2 семестр\Основы алгоритмизации\Лабораторная работа №8\Программа с событиями\Object.h(14): error C3646: author: неизвестный спецификатор переопределения
C:\Users\arsenii.stashkov\Documents\Политех\Лабораторные работы C++\2 семестр\Основы алгоритмизации\Лабораторная работа №8\Программа с событиями\Object.h(14): error C4430: отсутствует спецификатор типа - предполагается int. Примечание. C++ не поддерживает int по умолчанию
C:\Users\arsenii.stashkov\Documents\Политех\Лабораторные работы C++\2 семестр\Основы алгоритмизации\Лабораторная работа №8\Программа с событиями\Vector.cpp(11): error C2065: beg: необъявленный идентификатор
C:\Users\arsenii.stashkov\Documents\Политех\Лабораторные работы C++\2 семестр\Основы алгоритмизации\Лабораторная работа №8\Программа с событиями\Vector.cpp(12): error C2065: beg: необъявленный идентификатор
C:\Users\arsenii.stashkov\Documents\Политех\Лабораторные работы C++\2 семестр\Основы алгоритмизации\Лабораторная работа №8\Программа с событиями\Vector.cpp(12): error C2541: delete: нельзя удалять объекты, не являющиеся указателями
C:\Users\arsenii.stashkov\Documents\Политех\Лабораторные работы C++\2 семестр\Основы алгоритмизации\Лабораторная работа №8\Программа с событиями\Vector.cpp(13): error C2065: beg: необъявленный идентификатор
C:\Users\arsenii.stashkov\Documents\Политех\Лабораторные работы C++\2 семестр\Основы алгоритмизации\Лабораторная работа №8\Программа с событиями\Vector.cpp(18): error C2065: beg: необъявленный идентификатор
C:\Users\arsenii.stashkov\Documents\Политех\Лабораторные работы C++\2 семестр\Основы алгоритмизации\Лабораторная работа №8\Программа с событиями\Vector.cpp(32): error C2259: Print: невозможно создать экземпляр абстрактного класса
  C:\Users\arsenii.stashkov\Documents\Политех\Лабораторные работы C++\2 семестр\Основы алгоритмизации\Лабораторная работа №8\Программа с событиями\Vector.cpp(32): note: из-за следующих членов:
  C:\Users\arsenii.stashkov\Documents\Политех\Лабораторные работы C++\2 семестр\Основы алгоритмизации\Лабораторная работа №8\Программа с событиями\Vector.cpp(32): note: void Object::HandleEvent(const TEvent &): абстрактный
  C:\Users\arsenii.stashkov\Documents\Политех\Лабораторные работы C++\2 семестр\Основы алгоритмизации\Лабораторная работа №8\Программа с событиями\Object.h(11): note:  см. объявление "Object::HandleEvent"
C:\Users\arsenii.stashkov\Documents\Политех\Лабораторные работы C++\2 семестр\Основы алгоритмизации\Лабораторная работа №8\Программа с событиями\Vector.cpp(38): error C2065: beg: необъявленный идентификатор
C:\Users\arsenii.stashkov\Documents\Политех\Лабораторные работы C++\2 семестр\Основы алгоритмизации\Лабораторная работа №8\Программа с событиями\Vector.cpp(44): error C2259: Magazine: невозможно создать экземпляр абстрактного класса
  C:\Users\arsenii.stashkov\Documents\Политех\Лабораторные работы C++\2 семестр\Основы алгоритмизации\Лабораторная работа №8\Программа с событиями\Vector.cpp(44): note: из-за следующих членов:
  C:\Users\arsenii.stashkov\Documents\Политех\Лабораторные работы C++\2 семестр\Основы алгоритмизации\Лабораторная работа №8\Программа с событиями\Vector.cpp(44): note: void Object::HandleEvent(const TEvent &): абстрактный
  C:\Users\arsenii.stashkov\Documents\Политех\Лабораторные работы C++\2 семестр\Основы алгоритмизации\Лабораторная работа №8\Программа с событиями\Object.h(11): note:  см. объявление "Object::HandleEvent"
C:\Users\arsenii.stashkov\Documents\Политех\Лабораторные работы C++\2 семестр\Основы алгоритмизации\Лабораторная работа №8\Программа с событиями\Vector.cpp(49): error C2065: beg: необъявленный идентификатор
C:\Users\arsenii.stashkov\Documents\Политех\Лабораторные работы C++\2 семестр\Основы алгоритмизации\Лабораторная работа №8\Программа с событиями\Vector.cpp(62): error C2065: beg: необъявленный идентификатор
  Программа с событиями.cpp
C:\Users\arsenii.stashkov\Documents\Политех\Лабораторные работы C++\2 семестр\Основы алгоритмизации\Лабораторная работа №8\Программа с событиями\Object.h(13): error C3646: name: неизвестный спецификатор переопределения
C:\Users\arsenii.stashkov\Documents\Политех\Лабораторные работы C++\2 семестр\Основы алгоритмизации\Лабораторная работа №8\Программа с событиями\Object.h(13): error C4430: отсутствует спецификатор типа - предполагается int. Примечание. C++ не поддерживает int по умолчанию
C:\Users\arsenii.stashkov\Documents\Политех\Лабораторные работы C++\2 семестр\Основы алгоритмизации\Лабораторная работа №8\Программа с событиями\Object.h(14): error C3646: author: неизвестный спецификатор переопределения
C:\Users\arsenii.stashkov\Documents\Политех\Лабораторные работы C++\2 семестр\Основы алгоритмизации\Лабораторная работа №8\Программа с событиями\Object.h(14): error C4430: отсутствует спецификатор типа - предполагается int. Примечание. C++ не поддерживает int по умолчанию
C:\Users\arsenii.stashkov\Documents\Политех\Лабораторные работы C++\2 семестр\Основы алгоритмизации\Лабораторная работа №8\Программа с событиями\Программа с событиями.cpp(10): warning C4326: возвращаемый тип "main" должен быть "int", а не "void"
C:\Users\arsenii.stashkov\Documents\Политех\Лабораторные работы C++\2 семестр\Основы алгоритмизации\Лабораторная работа №8\Программа с событиями\Программа с событиями.cpp(11): error C2259: Print: невозможно создать экземпляр абстрактного класса
  C:\Users\arsenii.stashkov\Documents\Политех\Лабораторные работы C++\2 семестр\Основы алгоритмизации\Лабораторная работа №8\Программа с событиями\Программа с событиями.cpp(11): note: из-за следующих членов:
  C:\Users\arsenii.stashkov\Documents\Политех\Лабораторные работы C++\2 семестр\Основы алгоритмизации\Лабораторная работа №8\Программа с событиями\Программа с событиями.cpp(11): note: void Object::HandleEvent(const TEvent &): абстрактный
  C:\Users\arsenii.stashkov\Documents\Политех\Лабораторные работы C++\2 семестр\Основы алгоритмизации\Лабораторная работа №8\Программа с событиями\Object.h(11): note:  см. объявление "Object::HandleEvent"
C:\Users\arsenii.stashkov\Documents\Политех\Лабораторные работы C++\2 семестр\Основы алгоритмизации\Лабораторная работа №8\Программа с событиями\Программа с событиями.cpp(15): error C2259: Magazine: невозможно создать экземпляр абстрактного класса
  C:\Users\arsenii.stashkov\Documents\Политех\Лабораторные работы C++\2 семестр\Основы алгоритмизации\Лабораторная работа №8\Программа с событиями\Программа с событиями.cpp(15): note: из-за следующих членов:
  C:\Users\arsenii.stashkov\Documents\Политех\Лабораторные работы C++\2 семестр\Основы алгоритмизации\Лабораторная работа №8\Программа с событиями\Программа с событиями.cpp(15): note: void Object::HandleEvent(const TEvent &): абстрактный
  C:\Users\arsenii.stashkov\Documents\Политех\Лабораторные работы C++\2 семестр\Основы алгоритмизации\Лабораторная работа №8\Программа с событиями\Object.h(11): note:  см. объявление "Object::HandleEvent"
C:\Users\arsenii.stashkov\Documents\Политех\Лабораторные работы C++\2 семестр\Основы алгоритмизации\Лабораторная работа №8\Программа с событиями\Программа с событиями.cpp(19): error C2374: a: переопределение; множественная инициализация
  C:\Users\arsenii.stashkov\Documents\Политех\Лабораторные работы C++\2 семестр\Основы алгоритмизации\Лабораторная работа №8\Программа с событиями\Программа с событиями.cpp(11): note:  см. объявление "a"
C:\Users\arsenii.stashkov\Documents\Политех\Лабораторные работы C++\2 семестр\Основы алгоритмизации\Лабораторная работа №8\Программа с событиями\Программа с событиями.cpp(19): error C2259: Print: невозможно создать экземпляр абстрактного класса
  C:\Users\arsenii.stashkov\Documents\Политех\Лабораторные работы C++\2 семестр\Основы алгоритмизации\Лабораторная работа №8\Программа с событиями\Программа с событиями.cpp(19): note: из-за следующих членов:
  C:\Users\arsenii.stashkov\Documents\Политех\Лабораторные работы C++\2 семестр\Основы алгоритмизации\Лабораторная работа №8\Программа с событиями\Программа с событиями.cpp(19): note: void Object::HandleEvent(const TEvent &): абстрактный
  C:\Users\arsenii.stashkov\Documents\Политех\Лабораторные работы C++\2 семестр\Основы алгоритмизации\Лабораторная работа №8\Программа с событиями\Object.h(11): note:  см. объявление "Object::HandleEvent"
C:\Users\arsenii.stashkov\Documents\Политех\Лабораторные работы C++\2 семестр\Основы алгоритмизации\Лабораторная работа №8\Программа с событиями\Программа с событиями.cpp(21): error C2374: b: переопределение; множественная инициализация
  C:\Users\arsenii.stashkov\Documents\Политех\Лабораторные работы C++\2 семестр\Основы алгоритмизации\Лабораторная работа №8\Программа с событиями\Программа с событиями.cpp(15): note:  см. объявление "b"
C:\Users\arsenii.stashkov\Documents\Политех\Лабораторные работы C++\2 семестр\Основы алгоритмизации\Лабораторная работа №8\Программа с событиями\Программа с событиями.cpp(21): error C2259: Magazine: невозможно создать экземпляр абстрактного класса
  C:\Users\arsenii.stashkov\Documents\Политех\Лабораторные работы C++\2 семестр\Основы алгоритмизации\Лабораторная работа №8\Программа с событиями\Программа с событиями.cpp(21): note: из-за следующих членов:
  C:\Users\arsenii.stashkov\Documents\Политех\Лабораторные работы C++\2 семестр\Основы алгоритмизации\Лабораторная работа №8\Программа с событиями\Программа с событиями.cpp(21): note: void Object::HandleEvent(const TEvent &): абстрактный
  C:\Users\arsenii.stashkov\Documents\Политех\Лабораторные работы C++\2 семестр\Основы алгоритмизации\Лабораторная работа №8\Программа с событиями\Object.h(11): note:  см. объявление "Object::HandleEvent"
C:\Users\arsenii.stashkov\Documents\Политех\Лабораторные работы C++\2 семестр\Основы алгоритмизации\Лабораторная работа №8\Программа с событиями\Программа с событиями.cpp(26): error C2660: Vector::Add: функция не принимает 1 аргументов
  C:\Users\arsenii.stashkov\Documents\Политех\Лабораторные работы C++\2 семестр\Основы алгоритмизации\Лабораторная работа №8\Программа с событиями\Vector.h(8): note:  см. объявление "Vector::Add"
C:\Users\arsenii.stashkov\Documents\Политех\Лабораторные работы C++\2 семестр\Основы алгоритмизации\Лабораторная работа №8\Программа с событиями\Программа с событиями.cpp(28): error C2660: Vector::Add: функция не принимает 1 аргументов
  C:\Users\arsenii.stashkov\Documents\Политех\Лабораторные работы C++\2 семестр\Основы алгоритмизации\Лабораторная работа №8\Программа с событиями\Vector.h(8): note:  см. объявление "Vector::Add"
  Создание кода...
