  Контейнеры библиотеки STL.cpp
C:\Users\arsenii.stashkov\Documents\Политех\Лабораторные работы C++\2 семестр\Основы алгоритмизации\Лабораторная работа №11\Контейнеры библиотеки STL\Контейнеры библиотеки STL.cpp(21): warning C4018: <: несоответствие типов со знаком и без знака
C:\Users\arsenii.stashkov\Documents\Политех\Лабораторные работы C++\2 семестр\Основы алгоритмизации\Лабораторная работа №11\Контейнеры библиотеки STL\Контейнеры библиотеки STL.cpp(22): error C2676: бинарный "[": "Listing" не определяет этот оператор или преобразование к типу приемлемо к встроенному оператору
C:\Users\arsenii.stashkov\Documents\Политех\Лабораторные работы C++\2 семестр\Основы алгоритмизации\Лабораторная работа №11\Контейнеры библиотеки STL\Контейнеры библиотеки STL.cpp(29): warning C4018: <: несоответствие типов со знаком и без знака
C:\Users\arsenii.stashkov\Documents\Политех\Лабораторные работы C++\2 семестр\Основы алгоритмизации\Лабораторная работа №11\Контейнеры библиотеки STL\Контейнеры библиотеки STL.cpp(30): error C2676: бинарный "[": "Listing" не определяет этот оператор или преобразование к типу приемлемо к встроенному оператору
C:\Users\arsenii.stashkov\Documents\Политех\Лабораторные работы C++\2 семестр\Основы алгоритмизации\Лабораторная работа №11\Контейнеры библиотеки STL\Контейнеры библиотеки STL.cpp(37): error C2676: бинарный "+": "std::_List_iterator<std::_List_val<std::_List_simple_types<_Ty>>>" не определяет этот оператор или преобразование к типу приемлемо к встроенному оператору
          with
          [
              _Ty=double
          ]
C:\Users\arsenii.stashkov\Documents\Политех\Лабораторные работы C++\2 семестр\Основы алгоритмизации\Лабораторная работа №11\Контейнеры библиотеки STL\Контейнеры библиотеки STL.cpp(42): error C2676: бинарный "[": "Listing" не определяет этот оператор или преобразование к типу приемлемо к встроенному оператору
C:\Users\arsenii.stashkov\Documents\Политех\Лабораторные работы C++\2 семестр\Основы алгоритмизации\Лабораторная работа №11\Контейнеры библиотеки STL\Контейнеры библиотеки STL.cpp(43): warning C4018: <: несоответствие типов со знаком и без знака
C:\Users\arsenii.stashkov\Documents\Политех\Лабораторные работы C++\2 семестр\Основы алгоритмизации\Лабораторная работа №11\Контейнеры библиотеки STL\Контейнеры библиотеки STL.cpp(44): error C2676: бинарный "[": "Listing" не определяет этот оператор или преобразование к типу приемлемо к встроенному оператору
C:\Users\arsenii.stashkov\Documents\Политех\Лабораторные работы C++\2 семестр\Основы алгоритмизации\Лабораторная работа №11\Контейнеры библиотеки STL\Контейнеры библиотеки STL.cpp(44): error C2088: [: недопустимо для class
C:\Users\arsenii.stashkov\Documents\Политех\Лабораторные работы C++\2 семестр\Основы алгоритмизации\Лабораторная работа №11\Контейнеры библиотеки STL\Контейнеры библиотеки STL.cpp(51): error C2676: бинарный "[": "Listing" не определяет этот оператор или преобразование к типу приемлемо к встроенному оператору
C:\Users\arsenii.stashkov\Documents\Политех\Лабораторные работы C++\2 семестр\Основы алгоритмизации\Лабораторная работа №11\Контейнеры библиотеки STL\Контейнеры библиотеки STL.cpp(52): warning C4018: <: несоответствие типов со знаком и без знака
C:\Users\arsenii.stashkov\Documents\Политех\Лабораторные работы C++\2 семестр\Основы алгоритмизации\Лабораторная работа №11\Контейнеры библиотеки STL\Контейнеры библиотеки STL.cpp(53): error C2676: бинарный "[": "Listing" не определяет этот оператор или преобразование к типу приемлемо к встроенному оператору
C:\Users\arsenii.stashkov\Documents\Политех\Лабораторные работы C++\2 семестр\Основы алгоритмизации\Лабораторная работа №11\Контейнеры библиотеки STL\Контейнеры библиотеки STL.cpp(53): error C2088: [: недопустимо для class
C:\Users\arsenii.stashkov\Documents\Политех\Лабораторные работы C++\2 семестр\Основы алгоритмизации\Лабораторная работа №11\Контейнеры библиотеки STL\Контейнеры библиотеки STL.cpp(62): warning C4018: <: несоответствие типов со знаком и без знака
C:\Users\arsenii.stashkov\Documents\Политех\Лабораторные работы C++\2 семестр\Основы алгоритмизации\Лабораторная работа №11\Контейнеры библиотеки STL\Контейнеры библиотеки STL.cpp(63): error C2676: бинарный "[": "Listing" не определяет этот оператор или преобразование к типу приемлемо к встроенному оператору
C:\Users\arsenii.stashkov\Documents\Политех\Лабораторные работы C++\2 семестр\Основы алгоритмизации\Лабораторная работа №11\Контейнеры библиотеки STL\Контейнеры библиотеки STL.cpp(63): error C2088: [: недопустимо для class
